This file contains any messages produced by compilers while
running configure, to aid debugging if configure makes a mistake.

It was created by cava configure 0.6.0-13-gfe15130-dirty, which was
generated by GNU Autoconf 2.69.  Invocation command line was

  $ ./configure --enable-debug --no-create --no-recursion

## --------- ##
## Platform. ##
## --------- ##

hostname = krileklap
uname -m = x86_64
uname -r = 4.14.15-1-ARCH
uname -s = Linux
uname -v = #1 SMP PREEMPT Tue Jan 23 21:49:25 UTC 2018

/usr/bin/uname -p = unknown
/bin/uname -X     = unknown

/bin/arch              = unknown
/usr/bin/arch -k       = unknown
/usr/convex/getsysinfo = unknown
/usr/bin/hostinfo      = unknown
/bin/machine           = unknown
/usr/bin/oslevel       = unknown
/bin/universe          = unknown

PATH: /usr/local/bin
PATH: /usr/bin
PATH: /bin
PATH: /usr/local/sbin
PATH: /usr/lib/jvm/default/bin
PATH: /usr/bin/site_perl
PATH: /usr/bin/vendor_perl
PATH: /usr/bin/core_perl
PATH: /home/krilek/.config/composer/vendor/bin


## ----------- ##
## Core tests. ##
## ----------- ##

configure:2272: checking for a BSD-compatible install
configure:2340: result: /usr/bin/install -c
configure:2351: checking whether build environment is sane
configure:2406: result: yes
configure:2557: checking for a thread-safe mkdir -p
configure:2596: result: /usr/bin/mkdir -p
configure:2603: checking for gawk
configure:2619: found /usr/bin/gawk
configure:2630: result: gawk
configure:2641: checking whether make sets $(MAKE)
configure:2663: result: yes
configure:2692: checking whether make supports nested variables
configure:2709: result: yes
configure:2847: checking for style of include used by make
configure:2875: result: GNU
configure:2946: checking for gcc
configure:2962: found /usr/bin/gcc
configure:2973: result: gcc
configure:3202: checking for C compiler version
configure:3211: gcc --version >&5
gcc (GCC) 7.2.1 20180116
Copyright (C) 2017 Free Software Foundation, Inc.
This is free software; see the source for copying conditions.  There is NO
warranty; not even for MERCHANTABILITY or FITNESS FOR A PARTICULAR PURPOSE.

configure:3222: $? = 0
configure:3211: gcc -v >&5
Using built-in specs.
COLLECT_GCC=gcc
COLLECT_LTO_WRAPPER=/usr/lib/gcc/x86_64-pc-linux-gnu/7.2.1/lto-wrapper
Target: x86_64-pc-linux-gnu
Configured with: /build/gcc/src/gcc/configure --prefix=/usr --libdir=/usr/lib --libexecdir=/usr/lib --mandir=/usr/share/man --infodir=/usr/share/info --with-bugurl=https://bugs.archlinux.org/ --enable-languages=c,c++,ada,fortran,go,lto,objc,obj-c++ --enable-shared --enable-threads=posix --enable-libmpx --with-system-zlib --with-isl --enable-__cxa_atexit --disable-libunwind-exceptions --enable-clocale=gnu --disable-libstdcxx-pch --disable-libssp --enable-gnu-unique-object --enable-linker-build-id --enable-lto --enable-plugin --enable-install-libiberty --with-linker-hash-style=gnu --enable-gnu-indirect-function --enable-multilib --disable-werror --enable-checking=release --enable-default-pie --enable-default-ssp
Thread model: posix
gcc version 7.2.1 20180116 (GCC) 
configure:3222: $? = 0
configure:3211: gcc -V >&5
gcc: error: unrecognized command line option '-V'
gcc: fatal error: no input files
compilation terminated.
configure:3222: $? = 1
configure:3211: gcc -qversion >&5
gcc: error: unrecognized command line option '-qversion'; did you mean '--version'?
gcc: fatal error: no input files
compilation terminated.
configure:3222: $? = 1
configure:3242: checking whether the C compiler works
configure:3264: gcc    conftest.c  >&5
configure:3268: $? = 0
configure:3316: result: yes
configure:3319: checking for C compiler default output file name
configure:3321: result: a.out
configure:3327: checking for suffix of executables
configure:3334: gcc -o conftest    conftest.c  >&5
configure:3338: $? = 0
configure:3360: result: 
configure:3382: checking whether we are cross compiling
configure:3390: gcc -o conftest    conftest.c  >&5
configure:3394: $? = 0
configure:3401: ./conftest
configure:3405: $? = 0
configure:3420: result: no
configure:3425: checking for suffix of object files
configure:3447: gcc -c   conftest.c >&5
configure:3451: $? = 0
configure:3472: result: o
configure:3476: checking whether we are using the GNU C compiler
configure:3495: gcc -c   conftest.c >&5
configure:3495: $? = 0
configure:3504: result: yes
configure:3513: checking whether gcc accepts -g
configure:3533: gcc -c -g  conftest.c >&5
configure:3533: $? = 0
configure:3574: result: yes
configure:3591: checking for gcc option to accept ISO C89
configure:3654: gcc  -c -g -O2  conftest.c >&5
configure:3654: $? = 0
configure:3667: result: none needed
configure:3692: checking whether gcc understands -c and -o together
configure:3714: gcc -c conftest.c -o conftest2.o
configure:3717: $? = 0
configure:3714: gcc -c conftest.c -o conftest2.o
configure:3717: $? = 0
configure:3729: result: yes
configure:3748: checking dependency style of gcc
configure:3859: result: gcc3
configure:3924: checking for ar
configure:3940: found /usr/bin/ar
configure:3951: result: ar
configure:3977: checking the archiver (ar) interface
configure:3993: gcc -c -g -O2  conftest.c >&5
configure:3993: $? = 0
configure:3995: ar cru libconftest.a conftest.o >&5
ar: `u' modifier ignored since `D' is the default (see `U')
configure:3998: $? = 0
configure:4026: result: ar
configure:4075: checking build system type
configure:4089: result: x86_64-pc-linux-gnu
configure:4109: checking host system type
configure:4122: result: x86_64-pc-linux-gnu
configure:4163: checking how to print strings
configure:4190: result: printf
configure:4211: checking for a sed that does not truncate output
configure:4275: result: /usr/bin/sed
configure:4293: checking for grep that handles long lines and -e
configure:4351: result: /usr/bin/grep
configure:4356: checking for egrep
configure:4418: result: /usr/bin/grep -E
configure:4423: checking for fgrep
configure:4485: result: /usr/bin/grep -F
configure:4520: checking for ld used by gcc
configure:4587: result: /usr/bin/ld
configure:4594: checking if the linker (/usr/bin/ld) is GNU ld
configure:4609: result: yes
configure:4621: checking for BSD- or MS-compatible name lister (nm)
configure:4675: result: /usr/bin/nm -B
configure:4805: checking the name lister (/usr/bin/nm -B) interface
configure:4812: gcc -c -g -O2  conftest.c >&5
configure:4815: /usr/bin/nm -B "conftest.o"
configure:4818: output
0000000000000000 B some_variable
configure:4825: result: BSD nm
configure:4828: checking whether ln -s works
configure:4832: result: yes
configure:4840: checking the maximum length of command line arguments
configure:4971: result: 1572864
configure:5019: checking how to convert x86_64-pc-linux-gnu file names to x86_64-pc-linux-gnu format
configure:5059: result: func_convert_file_noop
configure:5066: checking how to convert x86_64-pc-linux-gnu file names to toolchain format
configure:5086: result: func_convert_file_noop
configure:5093: checking for /usr/bin/ld option to reload object files
configure:5100: result: -r
configure:5174: checking for objdump
configure:5190: found /usr/bin/objdump
configure:5201: result: objdump
configure:5233: checking how to recognize dependent libraries
configure:5433: result: pass_all
configure:5518: checking for dlltool
configure:5548: result: no
configure:5578: checking how to associate runtime and link libraries
configure:5605: result: printf %s\n
configure:5745: checking for archiver @FILE support
configure:5762: gcc -c -g -O2  conftest.c >&5
configure:5762: $? = 0
configure:5765: ar cr libconftest.a @conftest.lst >&5
configure:5768: $? = 0
configure:5773: ar cr libconftest.a @conftest.lst >&5
ar: conftest.o: No such file or directory
configure:5776: $? = 1
configure:5788: result: @
configure:5846: checking for strip
configure:5862: found /usr/bin/strip
configure:5873: result: strip
configure:5945: checking for ranlib
configure:5961: found /usr/bin/ranlib
configure:5972: result: ranlib
configure:6074: checking command to parse /usr/bin/nm -B output from gcc object
configure:6227: gcc -c -g -O2  conftest.c >&5
configure:6230: $? = 0
configure:6234: /usr/bin/nm -B conftest.o \| sed -n -e 's/^.*[ ]\([ABCDGIRSTW][ABCDGIRSTW]*\)[ ][ ]*\([_A-Za-z][_A-Za-z0-9]*\)$/\1 \2 \2/p' | sed '/ __gnu_lto/d' \> conftest.nm
configure:6237: $? = 0
configure:6303: gcc -o conftest -g -O2   conftest.c conftstm.o >&5
configure:6306: $? = 0
configure:6344: result: ok
configure:6391: checking for sysroot
configure:6421: result: no
configure:6428: checking for a working dd
configure:6466: result: /usr/bin/dd
configure:6470: checking how to truncate binary pipes
configure:6485: result: /usr/bin/dd bs=4096 count=1
configure:6621: gcc -c -g -O2  conftest.c >&5
configure:6624: $? = 0
configure:6814: checking for mt
configure:6844: result: no
configure:6864: checking if : is a manifest tool
configure:6870: : '-?'
configure:6878: result: no
configure:7555: checking how to run the C preprocessor
configure:7586: gcc -E  conftest.c
configure:7586: $? = 0
configure:7600: gcc -E  conftest.c
conftest.c:11:10: fatal error: ac_nonexistent.h: No such file or directory
 #include <ac_nonexistent.h>
          ^~~~~~~~~~~~~~~~~~
compilation terminated.
configure:7600: $? = 1
configure: failed program was:
| /* confdefs.h */
| #define PACKAGE_NAME "cava"
| #define PACKAGE_TARNAME "cava"
| #define PACKAGE_VERSION "0.6.0-13-gfe15130-dirty"
| #define PACKAGE_STRING "cava 0.6.0-13-gfe15130-dirty"
| #define PACKAGE_BUGREPORT "karl@stavestrand.no"
| #define PACKAGE_URL ""
| #define PACKAGE "cava"
| #define VERSION "0.6.0-13-gfe15130-dirty"
| /* end confdefs.h.  */
| #include <ac_nonexistent.h>
configure:7625: result: gcc -E
configure:7645: gcc -E  conftest.c
configure:7645: $? = 0
configure:7659: gcc -E  conftest.c
conftest.c:11:10: fatal error: ac_nonexistent.h: No such file or directory
 #include <ac_nonexistent.h>
          ^~~~~~~~~~~~~~~~~~
compilation terminated.
configure:7659: $? = 1
configure: failed program was:
| /* confdefs.h */
| #define PACKAGE_NAME "cava"
| #define PACKAGE_TARNAME "cava"
| #define PACKAGE_VERSION "0.6.0-13-gfe15130-dirty"
| #define PACKAGE_STRING "cava 0.6.0-13-gfe15130-dirty"
| #define PACKAGE_BUGREPORT "karl@stavestrand.no"
| #define PACKAGE_URL ""
| #define PACKAGE "cava"
| #define VERSION "0.6.0-13-gfe15130-dirty"
| /* end confdefs.h.  */
| #include <ac_nonexistent.h>
configure:7688: checking for ANSI C header files
configure:7708: gcc -c -g -O2  conftest.c >&5
configure:7708: $? = 0
configure:7781: gcc -o conftest -g -O2   conftest.c  >&5
configure:7781: $? = 0
configure:7781: ./conftest
configure:7781: $? = 0
configure:7792: result: yes
configure:7805: checking for sys/types.h
configure:7805: gcc -c -g -O2  conftest.c >&5
configure:7805: $? = 0
configure:7805: result: yes
configure:7805: checking for sys/stat.h
configure:7805: gcc -c -g -O2  conftest.c >&5
configure:7805: $? = 0
configure:7805: result: yes
configure:7805: checking for stdlib.h
configure:7805: gcc -c -g -O2  conftest.c >&5
configure:7805: $? = 0
configure:7805: result: yes
configure:7805: checking for string.h
configure:7805: gcc -c -g -O2  conftest.c >&5
configure:7805: $? = 0
configure:7805: result: yes
configure:7805: checking for memory.h
configure:7805: gcc -c -g -O2  conftest.c >&5
configure:7805: $? = 0
configure:7805: result: yes
configure:7805: checking for strings.h
configure:7805: gcc -c -g -O2  conftest.c >&5
configure:7805: $? = 0
configure:7805: result: yes
configure:7805: checking for inttypes.h
configure:7805: gcc -c -g -O2  conftest.c >&5
configure:7805: $? = 0
configure:7805: result: yes
configure:7805: checking for stdint.h
configure:7805: gcc -c -g -O2  conftest.c >&5
configure:7805: $? = 0
configure:7805: result: yes
configure:7805: checking for unistd.h
configure:7805: gcc -c -g -O2  conftest.c >&5
configure:7805: $? = 0
configure:7805: result: yes
configure:7819: checking for dlfcn.h
configure:7819: gcc -c -g -O2  conftest.c >&5
configure:7819: $? = 0
configure:7819: result: yes
configure:8075: checking for objdir
configure:8090: result: .libs
configure:8354: checking if gcc supports -fno-rtti -fno-exceptions
configure:8372: gcc -c -g -O2  -fno-rtti -fno-exceptions conftest.c >&5
cc1: warning: command line option '-fno-rtti' is valid for C++/ObjC++ but not for C
configure:8376: $? = 0
configure:8389: result: no
configure:8747: checking for gcc option to produce PIC
configure:8754: result: -fPIC -DPIC
configure:8762: checking if gcc PIC flag -fPIC -DPIC works
configure:8780: gcc -c -g -O2  -fPIC -DPIC -DPIC conftest.c >&5
configure:8784: $? = 0
configure:8797: result: yes
configure:8826: checking if gcc static flag -static works
configure:8854: result: yes
configure:8869: checking if gcc supports -c -o file.o
configure:8890: gcc -c -g -O2  -o out/conftest2.o conftest.c >&5
configure:8894: $? = 0
configure:8916: result: yes
configure:8924: checking if gcc supports -c -o file.o
configure:8971: result: yes
configure:9004: checking whether the gcc linker (/usr/bin/ld -m elf_x86_64) supports shared libraries
configure:10265: result: yes
configure:10302: checking whether -lc should be explicitly linked in
configure:10310: gcc -c -g -O2  conftest.c >&5
configure:10313: $? = 0
configure:10328: gcc -shared  -fPIC -DPIC conftest.o  -v -Wl,-soname -Wl,conftest -o conftest 2\>\&1 \| /usr/bin/grep  -lc  \>/dev/null 2\>\&1
configure:10331: $? = 0
configure:10345: result: no
configure:10505: checking dynamic linker characteristics
configure:11086: gcc -o conftest -g -O2   -Wl,-rpath -Wl,/foo conftest.c  >&5
configure:11086: $? = 0
configure:11323: result: GNU/Linux ld.so
configure:11445: checking how to hardcode library paths into programs
configure:11470: result: immediate
configure:12018: checking whether stripping libraries is possible
configure:12027: result: yes
configure:12069: checking if libtool supports shared libraries
configure:12071: result: yes
configure:12074: checking whether to build shared libraries
configure:12099: result: yes
configure:12102: checking whether to build static libraries
configure:12106: result: yes
configure:12191: checking for gcc
configure:12218: result: gcc
configure:12447: checking for C compiler version
configure:12456: gcc --version >&5
gcc (GCC) 7.2.1 20180116
Copyright (C) 2017 Free Software Foundation, Inc.
This is free software; see the source for copying conditions.  There is NO
warranty; not even for MERCHANTABILITY or FITNESS FOR A PARTICULAR PURPOSE.

configure:12467: $? = 0
configure:12456: gcc -v >&5
Using built-in specs.
COLLECT_GCC=gcc
COLLECT_LTO_WRAPPER=/usr/lib/gcc/x86_64-pc-linux-gnu/7.2.1/lto-wrapper
Target: x86_64-pc-linux-gnu
Configured with: /build/gcc/src/gcc/configure --prefix=/usr --libdir=/usr/lib --libexecdir=/usr/lib --mandir=/usr/share/man --infodir=/usr/share/info --with-bugurl=https://bugs.archlinux.org/ --enable-languages=c,c++,ada,fortran,go,lto,objc,obj-c++ --enable-shared --enable-threads=posix --enable-libmpx --with-system-zlib --with-isl --enable-__cxa_atexit --disable-libunwind-exceptions --enable-clocale=gnu --disable-libstdcxx-pch --disable-libssp --enable-gnu-unique-object --enable-linker-build-id --enable-lto --enable-plugin --enable-install-libiberty --with-linker-hash-style=gnu --enable-gnu-indirect-function --enable-multilib --disable-werror --enable-checking=release --enable-default-pie --enable-default-ssp
Thread model: posix
gcc version 7.2.1 20180116 (GCC) 
configure:12467: $? = 0
configure:12456: gcc -V >&5
gcc: error: unrecognized command line option '-V'
gcc: fatal error: no input files
compilation terminated.
configure:12467: $? = 1
configure:12456: gcc -qversion >&5
gcc: error: unrecognized command line option '-qversion'; did you mean '--version'?
gcc: fatal error: no input files
compilation terminated.
configure:12467: $? = 1
configure:12471: checking whether we are using the GNU C compiler
configure:12499: result: yes
configure:12508: checking whether gcc accepts -g
configure:12569: result: yes
configure:12586: checking for gcc option to accept ISO C89
configure:12662: result: none needed
configure:12687: checking whether gcc understands -c and -o together
configure:12724: result: yes
configure:12743: checking dependency style of gcc
configure:12854: result: gcc3
configure:12873: checking for gcc option to accept ISO C99
configure:13022: gcc  -c -g -O2  conftest.c >&5
configure:13022: $? = 0
configure:13035: result: none needed
configure:13143: checking for gcc option to accept ISO Standard C
configure:13154: result: none needed
configure:13183: checking pthread.h usability
configure:13183: gcc -c -g -O2  -DDEBUG conftest.c >&5
configure:13183: $? = 0
configure:13183: result: yes
configure:13183: checking pthread.h presence
configure:13183: gcc -E  -DDEBUG conftest.c
configure:13183: $? = 0
configure:13183: result: yes
configure:13183: checking for pthread.h
configure:13183: result: yes
configure:13188: checking for pthread_create in -lpthread
configure:13213: gcc -o conftest -g -O2  -DDEBUG  conftest.c -lpthread   >&5
configure:13213: $? = 0
configure:13222: result: yes
configure:13240: checking alloca.h usability
configure:13240: gcc -c -g -O2  -DDEBUG conftest.c >&5
configure:13240: $? = 0
configure:13240: result: yes
configure:13240: checking alloca.h presence
configure:13240: gcc -E  -DDEBUG conftest.c
configure:13240: $? = 0
configure:13240: result: yes
configure:13240: checking for alloca.h
configure:13240: result: yes
configure:13247: checking for snd_pcm_open in -lasound
configure:13272: gcc -o conftest -g -O2  -DDEBUG -DHAVE_ALLOCA_H  conftest.c -lasound   -lpthread >&5
configure:13272: $? = 0
configure:13281: result: yes
configure:13300: checking for pa_simple_new in -lpulse-simple
configure:13325: gcc -o conftest -g -O2  -DDEBUG -DHAVE_ALLOCA_H -DALSA  conftest.c -lpulse-simple   -lpthread -lasound >&5
configure:13325: $? = 0
configure:13334: result: yes
configure:13352: checking for sio_open in -lsndio
configure:13377: gcc -o conftest -g -O2  -DDEBUG -DHAVE_ALLOCA_H -DALSA -DPULSE  conftest.c -lsndio   -lpthread -lasound -lpulse-simple -lpulse >&5
/usr/bin/ld: cannot find -lsndio
collect2: error: ld returned 1 exit status
configure:13377: $? = 1
configure: failed program was:
| /* confdefs.h */
| #define PACKAGE_NAME "cava"
| #define PACKAGE_TARNAME "cava"
| #define PACKAGE_VERSION "0.6.0-13-gfe15130-dirty"
| #define PACKAGE_STRING "cava 0.6.0-13-gfe15130-dirty"
| #define PACKAGE_BUGREPORT "karl@stavestrand.no"
| #define PACKAGE_URL ""
| #define PACKAGE "cava"
| #define VERSION "0.6.0-13-gfe15130-dirty"
| #define STDC_HEADERS 1
| #define HAVE_SYS_TYPES_H 1
| #define HAVE_SYS_STAT_H 1
| #define HAVE_STDLIB_H 1
| #define HAVE_STRING_H 1
| #define HAVE_MEMORY_H 1
| #define HAVE_STRINGS_H 1
| #define HAVE_INTTYPES_H 1
| #define HAVE_STDINT_H 1
| #define HAVE_UNISTD_H 1
| #define HAVE_DLFCN_H 1
| #define LT_OBJDIR ".libs/"
| #define HAVE_PTHREAD_H 1
| /* end confdefs.h.  */
| 
| /* Override any GCC internal prototype to avoid an error.
|    Use char because int might match the return type of a GCC
|    builtin and then its argument prototype would still apply.  */
| #ifdef __cplusplus
| extern "C"
| #endif
| char sio_open ();
| int
| main ()
| {
| return sio_open ();
|   ;
|   return 0;
| }
configure:13386: result: no
configure:13400: WARNING: No sndio dev files found building without sndio support
configure:13404: checking for sqrt in -lm
configure:13429: gcc -o conftest -g -O2  -DDEBUG -DHAVE_ALLOCA_H -DALSA -DPULSE  conftest.c -lm   -lpthread -lasound -lpulse-simple -lpulse >&5
conftest.c:31:6: warning: conflicting types for built-in function 'sqrt' [-Wbuiltin-declaration-mismatch]
 char sqrt ();
      ^~~~
configure:13429: $? = 0
configure:13438: result: yes
configure:13455: checking for fftw_execute in -lfftw3
configure:13480: gcc -o conftest -g -O2  -DDEBUG -DHAVE_ALLOCA_H -DALSA -DPULSE  conftest.c -lfftw3   -lpthread -lasound -lpulse-simple -lpulse -lm >&5
configure:13480: $? = 0
configure:13489: result: yes
configure:13511: checking for ncursesw6-config
configure:13529: found /usr/bin/ncursesw6-config
configure:13541: result: /usr/bin/ncursesw6-config
configure:13553: checking for initscr in -lncursesw
configure:13578: gcc -o conftest -g -O2  -DDEBUG -DHAVE_ALLOCA_H -DALSA -DPULSE  conftest.c -lncursesw   -lpthread -lasound -lpulse-simple -lpulse -lm -lfftw3 >&5
configure:13578: $? = 0
configure:13587: result: yes
configure:13596: checking for initscr in -lncursesw
configure:13621: gcc -o conftest -g -O2  -DDEBUG -DHAVE_ALLOCA_H -DALSA -DPULSE  conftest.c -lncursesw   -lpthread -lasound -lpulse-simple -lpulse -lm -lfftw3 >&5
configure:13621: $? = 0
configure:13631: result: yes
configure:13644: checking curses.h usability
configure:13644: gcc -c -g -O2  -DDEBUG -DHAVE_ALLOCA_H -DALSA -DPULSE -D_GNU_SOURCE -D_DEFAULT_SOURCE -DNCURSES conftest.c >&5
configure:13644: $? = 0
configure:13644: result: yes
configure:13644: checking curses.h presence
configure:13644: gcc -E  -DDEBUG -DHAVE_ALLOCA_H -DALSA -DPULSE -D_GNU_SOURCE -D_DEFAULT_SOURCE -DNCURSES conftest.c
configure:13644: $? = 0
configure:13644: result: yes
configure:13644: checking for curses.h
configure:13644: result: yes
configure:13667: checking for library containing iniparser_load
configure:13698: gcc -o conftest -g -O2  -DDEBUG -DHAVE_ALLOCA_H -DALSA -DPULSE -D_GNU_SOURCE -D_DEFAULT_SOURCE -DNCURSES  conftest.c  -lpthread -lasound -lpulse-simple -lpulse -lm -lfftw3 -lncursesw -ltinfo >&5
/tmp/cc1PHi4i.o: In function `main':
/home/krilek/Gdrive/Projekty/ArduinoVisualizer/PC/cava/conftest.c:36: undefined reference to `iniparser_load'
collect2: error: ld returned 1 exit status
configure:13698: $? = 1
configure: failed program was:
| /* confdefs.h */
| #define PACKAGE_NAME "cava"
| #define PACKAGE_TARNAME "cava"
| #define PACKAGE_VERSION "0.6.0-13-gfe15130-dirty"
| #define PACKAGE_STRING "cava 0.6.0-13-gfe15130-dirty"
| #define PACKAGE_BUGREPORT "karl@stavestrand.no"
| #define PACKAGE_URL ""
| #define PACKAGE "cava"
| #define VERSION "0.6.0-13-gfe15130-dirty"
| #define STDC_HEADERS 1
| #define HAVE_SYS_TYPES_H 1
| #define HAVE_SYS_STAT_H 1
| #define HAVE_STDLIB_H 1
| #define HAVE_STRING_H 1
| #define HAVE_MEMORY_H 1
| #define HAVE_STRINGS_H 1
| #define HAVE_INTTYPES_H 1
| #define HAVE_STDINT_H 1
| #define HAVE_UNISTD_H 1
| #define HAVE_DLFCN_H 1
| #define LT_OBJDIR ".libs/"
| #define HAVE_PTHREAD_H 1
| #define HAVE_CURSES_H 1
| /* end confdefs.h.  */
| 
| /* Override any GCC internal prototype to avoid an error.
|    Use char because int might match the return type of a GCC
|    builtin and then its argument prototype would still apply.  */
| #ifdef __cplusplus
| extern "C"
| #endif
| char iniparser_load ();
| int
| main ()
| {
| return iniparser_load ();
|   ;
|   return 0;
| }
configure:13698: gcc -o conftest -g -O2  -DDEBUG -DHAVE_ALLOCA_H -DALSA -DPULSE -D_GNU_SOURCE -D_DEFAULT_SOURCE -DNCURSES  conftest.c -liniparser   -lpthread -lasound -lpulse-simple -lpulse -lm -lfftw3 -lncursesw -ltinfo >&5
configure:13698: $? = 0
configure:13715: result: -liniparser
configure:13723: checking iniparser.h usability
configure:13723: gcc -c -g -O2  -DDEBUG -DHAVE_ALLOCA_H -DALSA -DPULSE -D_GNU_SOURCE -D_DEFAULT_SOURCE -DNCURSES conftest.c >&5
configure:13723: $? = 0
configure:13723: result: yes
configure:13723: checking iniparser.h presence
configure:13723: gcc -E  -DDEBUG -DHAVE_ALLOCA_H -DALSA -DPULSE -D_GNU_SOURCE -D_DEFAULT_SOURCE -DNCURSES conftest.c
configure:13723: $? = 0
configure:13723: result: yes
configure:13723: checking for iniparser.h
configure:13723: result: yes
configure:13747: Using installed iniparser
configure:13929: checking that generated files are newer than configure
configure:13935: result: done
configure:13966: creating ./config.status

## ---------------- ##
## Cache variables. ##
## ---------------- ##

ac_cv_build=x86_64-pc-linux-gnu
ac_cv_c_compiler_gnu=yes
ac_cv_env_CC_set=
ac_cv_env_CC_value=
ac_cv_env_CFLAGS_set=
ac_cv_env_CFLAGS_value=
ac_cv_env_CPPFLAGS_set=
ac_cv_env_CPPFLAGS_value=
ac_cv_env_CPP_set=
ac_cv_env_CPP_value=
ac_cv_env_FONT_DIR_set=
ac_cv_env_FONT_DIR_value=
ac_cv_env_LDFLAGS_set=
ac_cv_env_LDFLAGS_value=
ac_cv_env_LIBS_set=
ac_cv_env_LIBS_value=
ac_cv_env_LT_SYS_LIBRARY_PATH_set=
ac_cv_env_LT_SYS_LIBRARY_PATH_value=
ac_cv_env_build_alias_set=
ac_cv_env_build_alias_value=
ac_cv_env_host_alias_set=
ac_cv_env_host_alias_value=
ac_cv_env_target_alias_set=
ac_cv_env_target_alias_value=
ac_cv_header_alloca_h=yes
ac_cv_header_curses_h=yes
ac_cv_header_dlfcn_h=yes
ac_cv_header_iniparser_h=yes
ac_cv_header_inttypes_h=yes
ac_cv_header_memory_h=yes
ac_cv_header_pthread_h=yes
ac_cv_header_stdc=yes
ac_cv_header_stdint_h=yes
ac_cv_header_stdlib_h=yes
ac_cv_header_string_h=yes
ac_cv_header_strings_h=yes
ac_cv_header_sys_stat_h=yes
ac_cv_header_sys_types_h=yes
ac_cv_header_unistd_h=yes
ac_cv_host=x86_64-pc-linux-gnu
ac_cv_lib_asound_snd_pcm_open=yes
ac_cv_lib_fftw3_fftw_execute=yes
ac_cv_lib_m_sqrt=yes
ac_cv_lib_ncursesw___initscr=yes
ac_cv_lib_ncursesw_initscr=yes
ac_cv_lib_pthread_pthread_create=yes
ac_cv_lib_pulse_simple_pa_simple_new=yes
ac_cv_lib_sndio_sio_open=no
ac_cv_objext=o
ac_cv_path_CURSES_CONFIG=/usr/bin/ncursesw6-config
ac_cv_path_EGREP='/usr/bin/grep -E'
ac_cv_path_FGREP='/usr/bin/grep -F'
ac_cv_path_GREP=/usr/bin/grep
ac_cv_path_SED=/usr/bin/sed
ac_cv_path_install='/usr/bin/install -c'
ac_cv_path_lt_DD=/usr/bin/dd
ac_cv_path_mkdir=/usr/bin/mkdir
ac_cv_prog_AWK=gawk
ac_cv_prog_CPP='gcc -E'
ac_cv_prog_ac_ct_AR=ar
ac_cv_prog_ac_ct_CC=gcc
ac_cv_prog_ac_ct_OBJDUMP=objdump
ac_cv_prog_ac_ct_RANLIB=ranlib
ac_cv_prog_ac_ct_STRIP=strip
ac_cv_prog_cc_c89=
ac_cv_prog_cc_c99=
ac_cv_prog_cc_g=yes
ac_cv_prog_cc_stdc=
ac_cv_prog_make_make_set=yes
ac_cv_search_iniparser_load=-liniparser
am_cv_CC_dependencies_compiler_type=gcc3
am_cv_ar_interface=ar
am_cv_make_support_nested_variables=yes
am_cv_prog_cc_c_o=yes
lt_cv_ar_at_file=@
lt_cv_archive_cmds_need_lc=no
lt_cv_deplibs_check_method=pass_all
lt_cv_file_magic_cmd='$MAGIC_CMD'
lt_cv_file_magic_test_file=
lt_cv_ld_reload_flag=-r
lt_cv_nm_interface='BSD nm'
lt_cv_objdir=.libs
lt_cv_path_LD=/usr/bin/ld
lt_cv_path_NM='/usr/bin/nm -B'
lt_cv_path_mainfest_tool=no
lt_cv_prog_compiler_c_o=yes
lt_cv_prog_compiler_pic='-fPIC -DPIC'
lt_cv_prog_compiler_pic_works=yes
lt_cv_prog_compiler_rtti_exceptions=no
lt_cv_prog_compiler_static_works=yes
lt_cv_prog_gnu_ld=yes
lt_cv_sharedlib_from_linklib_cmd='printf %s\n'
lt_cv_shlibpath_overrides_runpath=no
lt_cv_sys_global_symbol_pipe='sed -n -e '\''s/^.*[	 ]\([ABCDGIRSTW][ABCDGIRSTW]*\)[	 ][	 ]*\([_A-Za-z][_A-Za-z0-9]*\)$/\1 \2 \2/p'\'' | sed '\''/ __gnu_lto/d'\'''
lt_cv_sys_global_symbol_to_c_name_address='sed -n -e '\''s/^: \(.*\) .*$/  {"\1", (void *) 0},/p'\'' -e '\''s/^[ABCDGIRSTW][ABCDGIRSTW]* .* \(.*\)$/  {"\1", (void *) \&\1},/p'\'''
lt_cv_sys_global_symbol_to_c_name_address_lib_prefix='sed -n -e '\''s/^: \(.*\) .*$/  {"\1", (void *) 0},/p'\'' -e '\''s/^[ABCDGIRSTW][ABCDGIRSTW]* .* \(lib.*\)$/  {"\1", (void *) \&\1},/p'\'' -e '\''s/^[ABCDGIRSTW][ABCDGIRSTW]* .* \(.*\)$/  {"lib\1", (void *) \&\1},/p'\'''
lt_cv_sys_global_symbol_to_cdecl='sed -n -e '\''s/^T .* \(.*\)$/extern int \1();/p'\'' -e '\''s/^[ABCDGIRSTW][ABCDGIRSTW]* .* \(.*\)$/extern char \1;/p'\'''
lt_cv_sys_global_symbol_to_import=
lt_cv_sys_max_cmd_len=1572864
lt_cv_to_host_file_cmd=func_convert_file_noop
lt_cv_to_tool_file_cmd=func_convert_file_noop
lt_cv_truncate_bin='/usr/bin/dd bs=4096 count=1'

## ----------------- ##
## Output variables. ##
## ----------------- ##

ACLOCAL='${SHELL} /home/krilek/Gdrive/Projekty/ArduinoVisualizer/PC/cava/missing aclocal-1.15'
AMDEPBACKSLASH='\'
AMDEP_FALSE='#'
AMDEP_TRUE=''
AMTAR='$${TAR-tar}'
AM_BACKSLASH='\'
AM_DEFAULT_V='$(AM_DEFAULT_VERBOSITY)'
AM_DEFAULT_VERBOSITY='1'
AM_V='$(V)'
AR='ar'
AUTOCONF='${SHELL} /home/krilek/Gdrive/Projekty/ArduinoVisualizer/PC/cava/missing autoconf'
AUTOHEADER='${SHELL} /home/krilek/Gdrive/Projekty/ArduinoVisualizer/PC/cava/missing autoheader'
AUTOMAKE='${SHELL} /home/krilek/Gdrive/Projekty/ArduinoVisualizer/PC/cava/missing automake-1.15'
AWK='gawk'
CC='gcc'
CCDEPMODE='depmode=gcc3'
CFLAGS='-g -O2'
CPP='gcc -E'
CPPFLAGS=' -DDEBUG -DHAVE_ALLOCA_H -DALSA -DPULSE -D_GNU_SOURCE -D_DEFAULT_SOURCE -DNCURSES'
CURSES_CONFIG='/usr/bin/ncursesw6-config'
CYGPATH_W='echo'
DEFS='-DPACKAGE_NAME=\"cava\" -DPACKAGE_TARNAME=\"cava\" -DPACKAGE_VERSION=\"0.6.0-13-gfe15130-dirty\" -DPACKAGE_STRING=\"cava\ 0.6.0-13-gfe15130-dirty\" -DPACKAGE_BUGREPORT=\"karl@stavestrand.no\" -DPACKAGE_URL=\"\" -DPACKAGE=\"cava\" -DVERSION=\"0.6.0-13-gfe15130-dirty\" -DSTDC_HEADERS=1 -DHAVE_SYS_TYPES_H=1 -DHAVE_SYS_STAT_H=1 -DHAVE_STDLIB_H=1 -DHAVE_STRING_H=1 -DHAVE_MEMORY_H=1 -DHAVE_STRINGS_H=1 -DHAVE_INTTYPES_H=1 -DHAVE_STDINT_H=1 -DHAVE_UNISTD_H=1 -DHAVE_DLFCN_H=1 -DLT_OBJDIR=\".libs/\" -DHAVE_PTHREAD_H=1 -DHAVE_CURSES_H=1 -DHAVE_INIPARSER_H=1'
DEPDIR='.deps'
DLLTOOL='false'
DSYMUTIL=''
DUMPBIN=''
ECHO_C=''
ECHO_N='-n'
ECHO_T=''
EGREP='/usr/bin/grep -E'
EXEEXT=''
FGREP='/usr/bin/grep -F'
FONT_DIR='/usr/share/consolefonts'
GREP='/usr/bin/grep'
INSTALL_DATA='${INSTALL} -m 644'
INSTALL_PROGRAM='${INSTALL}'
INSTALL_SCRIPT='${INSTALL}'
INSTALL_STRIP_PROGRAM='$(install_sh) -c -s'
LD='/usr/bin/ld -m elf_x86_64'
LDFLAGS=''
LIBOBJS=''
LIBS='-liniparser  -lpthread -lasound -lpulse-simple -lpulse -lm -lfftw3 -lncursesw -ltinfo'
LIBTOOL='$(SHELL) $(top_builddir)/libtool'
LIPO=''
LN_S='ln -s'
LTLIBOBJS=''
LT_SYS_LIBRARY_PATH=''
MAKEINFO='${SHELL} /home/krilek/Gdrive/Projekty/ArduinoVisualizer/PC/cava/missing makeinfo'
MANIFEST_TOOL=':'
MKDIR_P='/usr/bin/mkdir -p'
NM='/usr/bin/nm -B'
NMEDIT=''
OBJDUMP='objdump'
OBJEXT='o'
OTOOL64=''
OTOOL=''
PACKAGE='cava'
PACKAGE_BUGREPORT='karl@stavestrand.no'
PACKAGE_NAME='cava'
PACKAGE_STRING='cava 0.6.0-13-gfe15130-dirty'
PACKAGE_TARNAME='cava'
PACKAGE_URL=''
PACKAGE_VERSION='0.6.0-13-gfe15130-dirty'
PATH_SEPARATOR=':'
RANLIB='ranlib'
SED='/usr/bin/sed'
SET_MAKE=''
SHELL='/bin/sh'
STRIP='strip'
SYSTEM_LIBINIPARSER='1'
SYSTEM_LIBINIPARSER_FALSE='#'
SYSTEM_LIBINIPARSER_TRUE=''
VERSION='0.6.0-13-gfe15130-dirty'
ac_ct_AR='ar'
ac_ct_CC='gcc'
ac_ct_DUMPBIN=''
am__EXEEXT_FALSE=''
am__EXEEXT_TRUE='#'
am__fastdepCC_FALSE='#'
am__fastdepCC_TRUE=''
am__include='include'
am__isrc=''
am__leading_dot='.'
am__nodep='_no'
am__quote=''
am__tar='$${TAR-tar} chof - "$$tardir"'
am__untar='$${TAR-tar} xf -'
bindir='${exec_prefix}/bin'
build='x86_64-pc-linux-gnu'
build_alias=''
build_cpu='x86_64'
build_os='linux-gnu'
build_vendor='pc'
datadir='${datarootdir}'
datarootdir='${prefix}/share'
docdir='${datarootdir}/doc/${PACKAGE_TARNAME}'
dvidir='${docdir}'
exec_prefix='${prefix}'
host='x86_64-pc-linux-gnu'
host_alias=''
host_cpu='x86_64'
host_os='linux-gnu'
host_vendor='pc'
htmldir='${docdir}'
includedir='${prefix}/include'
infodir='${datarootdir}/info'
install_sh='${SHELL} /home/krilek/Gdrive/Projekty/ArduinoVisualizer/PC/cava/install-sh'
libdir='${exec_prefix}/lib'
libexecdir='${exec_prefix}/libexec'
localedir='${datarootdir}/locale'
localstatedir='${prefix}/var'
mandir='${datarootdir}/man'
mkdir_p='$(MKDIR_P)'
oldincludedir='/usr/include'
pdfdir='${docdir}'
prefix='/usr/local'
program_transform_name='s,x,x,'
psdir='${docdir}'
sbindir='${exec_prefix}/sbin'
sharedstatedir='${prefix}/com'
sysconfdir='${prefix}/etc'
target_alias=''

## ----------- ##
## confdefs.h. ##
## ----------- ##

/* confdefs.h */
#define PACKAGE_NAME "cava"
#define PACKAGE_TARNAME "cava"
#define PACKAGE_VERSION "0.6.0-13-gfe15130-dirty"
#define PACKAGE_STRING "cava 0.6.0-13-gfe15130-dirty"
#define PACKAGE_BUGREPORT "karl@stavestrand.no"
#define PACKAGE_URL ""
#define PACKAGE "cava"
#define VERSION "0.6.0-13-gfe15130-dirty"
#define STDC_HEADERS 1
#define HAVE_SYS_TYPES_H 1
#define HAVE_SYS_STAT_H 1
#define HAVE_STDLIB_H 1
#define HAVE_STRING_H 1
#define HAVE_MEMORY_H 1
#define HAVE_STRINGS_H 1
#define HAVE_INTTYPES_H 1
#define HAVE_STDINT_H 1
#define HAVE_UNISTD_H 1
#define HAVE_DLFCN_H 1
#define LT_OBJDIR ".libs/"
#define HAVE_PTHREAD_H 1
#define HAVE_CURSES_H 1
#define HAVE_INIPARSER_H 1

configure: exit 0

## ---------------------- ##
## Running config.status. ##
## ---------------------- ##

This file was extended by cava config.status 0.6.0-13-gfe15130-dirty, which was
generated by GNU Autoconf 2.69.  Invocation command line was

  CONFIG_FILES    = 
  CONFIG_HEADERS  = 
  CONFIG_LINKS    = 
  CONFIG_COMMANDS = 
  $ ./config.status 

on krileklap

config.status:1013: creating Makefile
config.status:1185: executing depfiles commands
config.status:1185: executing libtool commands
